  sift.cpp
e:\developmenttools\opencv3.2\opencv\build\include\opencv2\core\mat.hpp(2586): warning C4819: The file contains a character that cannot be represented in the current code page (936). Save the file in Unicode format to prevent data loss
e:\developmenttools\opencv3.2\opencv\build\include\opencv2\core\persistence.hpp : warning C4819: The file contains a character that cannot be represented in the current code page (936). Save the file in Unicode format to prevent data loss
e:\developmenttools\opencv3.2\opencv\build\include\opencv2\core\utility.hpp : warning C4819: The file contains a character that cannot be represented in the current code page (936). Save the file in Unicode format to prevent data loss
d:\codes\siftlowe\siftlowe\sift.cpp(71): warning C4244: 'initializing': conversion from 'double' to 'int', possible loss of data
d:\codes\siftlowe\siftlowe\sift.cpp(149): warning C4101: 'sig_prev': unreferenced local variable
d:\codes\siftlowe\siftlowe\sift.cpp(149): warning C4101: 'sig_total': unreferenced local variable
d:\codes\siftlowe\siftlowe\sift.cpp(255): warning C4554: '<<': check operator precedence for possible error; use parentheses to clarify precedence
d:\codes\siftlowe\siftlowe\sift.cpp(258): warning C4554: '<<': check operator precedence for possible error; use parentheses to clarify precedence
d:\codes\siftlowe\siftlowe\sift.cpp(703): warning C4244: '=': conversion from 'double' to 'int', possible loss of data
d:\codes\siftlowe\siftlowe\sift.cpp(799): warning C4244: '=': conversion from 'double' to 'int', possible loss of data
  Generating Code...
  Compiling...
  siftfeat.cpp
e:\developmenttools\opencv3.2\opencv\build\include\opencv2\core\mat.hpp(2586): warning C4819: The file contains a character that cannot be represented in the current code page (936). Save the file in Unicode format to prevent data loss
e:\developmenttools\opencv3.2\opencv\build\include\opencv2\core\persistence.hpp : warning C4819: The file contains a character that cannot be represented in the current code page (936). Save the file in Unicode format to prevent data loss
e:\developmenttools\opencv3.2\opencv\build\include\opencv2\core\utility.hpp : warning C4819: The file contains a character that cannot be represented in the current code page (936). Save the file in Unicode format to prevent data loss
e:\developmenttools\opencv3.2\opencv\build\include\opencv2\imgproc.hpp(592): warning C4819: The file contains a character that cannot be represented in the current code page (936). Save the file in Unicode format to prevent data loss
d:\codes\siftlowe\siftlowe\siftfeat.cpp(110): warning C4101: 'xformed': unreferenced local variable
  Generating Code...
  siftLowe.vcxproj -> D:\codes\siftLowe\x64\Debug\siftLowe.exe
  siftLowe.vcxproj -> D:\codes\siftLowe\x64\Debug\siftLowe.pdb (Full PDB)
